#
# There is insufficient memory for the Java Runtime Environment to continue.
# Native memory allocation (malloc) failed to allocate 314096 bytes for Chunk::new
# Possible reasons:
#   The system is out of physical RAM or swap space
#   In 32 bit mode, the process size limit was hit
# Possible solutions:
#   Reduce memory load on the system
#   Increase physical memory or swap space
#   Check if swap backing store is full
#   Use 64 bit Java on a 64 bit OS
#   Decrease Java heap size (-Xmx/-Xms)
#   Decrease number of Java threads
#   Decrease Java thread stack sizes (-Xss)
#   Set larger code cache with -XX:ReservedCodeCacheSize=
# This output file may be truncated or incomplete.
#
#  Out of Memory Error (allocation.cpp:390), pid=11280, tid=0x000000000000098c
#
# JRE version: Java(TM) SE Runtime Environment (8.0_144-b01) (build 1.8.0_144-b01)
# Java VM: Java HotSpot(TM) 64-Bit Server VM (25.144-b01 mixed mode windows-amd64 compressed oops)
# Failed to write core dump. Minidumps are not enabled by default on client versions of Windows
#

---------------  T H R E A D  ---------------

Current thread (0x000000002c7a2000):  JavaThread "C2 CompilerThread0" daemon [_thread_in_native, id=2444, stack(0x000000002de10000,0x000000002df10000)]

Stack: [0x000000002de10000,0x000000002df10000]
[error occurred during error reporting (printing stack bounds), id 0xc0000005]

Native frames: (J=compiled Java code, j=interpreted, Vv=VM code, C=native code)


Current CompileTask:
C2:  16106 2412       4       sun.reflect.generics.parser.SignatureParser::parsePackageNameAndSimpleClassTypeSignature (139 bytes)


---------------  P R O C E S S  ---------------

Java Threads: ( => current thread )
  0x000000002ef12800 JavaThread "Keep-Alive-Timer" daemon [_thread_blocked, id=7380, stack(0x0000000030630000,0x0000000030730000)]
  0x000000002e132800 JavaThread "Service Thread" daemon [_thread_blocked, id=6980, stack(0x000000002e510000,0x000000002e610000)]
  0x000000002c7aa000 JavaThread "C1 CompilerThread2" daemon [_thread_blocked, id=10492, stack(0x000000002e010000,0x000000002e110000)]
  0x000000002c7a4800 JavaThread "C2 CompilerThread1" daemon [_thread_in_native, id=7792, stack(0x000000002df10000,0x000000002e010000)]
=>0x000000002c7a2000 JavaThread "C2 CompilerThread0" daemon [_thread_in_native, id=2444, stack(0x000000002de10000,0x000000002df10000)]
  0x000000002c7a0800 JavaThread "Attach Listener" daemon [_thread_blocked, id=10800, stack(0x000000002dd10000,0x000000002de10000)]
  0x000000002c79f000 JavaThread "Signal Dispatcher" daemon [_thread_blocked, id=10332, stack(0x000000002dc10000,0x000000002dd10000)]
  0x000000002c78a800 JavaThread "Finalizer" daemon [_thread_blocked, id=9640, stack(0x000000002d9f0000,0x000000002daf0000)]
  0x000000002c769000 JavaThread "Reference Handler" daemon [_thread_blocked, id=10380, stack(0x000000002d8f0000,0x000000002d9f0000)]
  0x0000000004fd4000 JavaThread "main" [_thread_in_vm, id=944, stack(0x0000000004ed0000,0x0000000004fd0000)]

Other Threads:
  0x000000002c768000 VMThread [stack: 0x000000002d7f0000,0x000000002d8f0000] [id=8892]
  0x000000002e187000 WatcherThread [stack: 0x000000002e770000,0x000000002e870000] [id=10208]

VM state:not at safepoint (normal execution)

VM Mutex/Monitor currently owned by a thread: None

Heap:
 PSYoungGen      total 435200K, used 107617K [0x00000006eab00000, 0x000000070e400000, 0x00000007c0000000)
  eden space 304640K, 10% used [0x00000006eab00000,0x00000006ecacdc08,0x00000006fd480000)
  from space 130560K, 57% used [0x00000006fd480000,0x0000000701dcaa00,0x0000000705400000)
  to   space 111104K, 0% used [0x0000000705400000,0x0000000705400000,0x000000070c080000)
 ParOldGen       total 274432K, used 274331K [0x0000000540000000, 0x0000000550c00000, 0x00000006eab00000)
  object space 274432K, 99% used [0x0000000540000000,0x0000000550be6e50,0x0000000550c00000)
 Metaspace       used 14222K, capacity 14438K, committed 14720K, reserved 1062912K
  class space    used 1735K, capacity 1822K, committed 1920K, reserved 1048576K

Card table byte_map: [0x0000000014490000,0x00000000158a0000] byte_map_base: 0x0000000011a90000

Marking Bits: (ParMarkBitMap*) 0x00000000587ed850
 Begin Bits: [0x0000000016a00000, 0x0000000020a00000)
 End Bits:   [0x0000000020a00000, 0x000000002aa00000)

Polling page: 0x0000000000df0000

CodeCache: size=245760Kb used=7239Kb max_used=8694Kb free=238520Kb
 bounds [0x00000000050d0000, 0x0000000005960000, 0x00000000140d0000]
 total_blobs=2393 nmethods=2036 adapters=269
 compilation: enabled

Compilation events (10 events):
Event: 16.096 Thread 0x000000002c7aa000 2497       3       java.util.Objects::equals (23 bytes)
Event: 16.096 Thread 0x000000002c7aa000 nmethod 2497 0x00000000054a3250 code [0x00000000054a33c0, 0x00000000054a3688]
Event: 16.096 Thread 0x000000002c7aa000 2498       3       com.google.common.collect.RegularImmutableSet::iterator (8 bytes)
Event: 16.096 Thread 0x000000002c7aa000 nmethod 2498 0x00000000054a2dd0 code [0x00000000054a2f40, 0x00000000054a3148]
Event: 16.096 Thread 0x000000002c7aa000 2499       3       com.google.common.collect.Iterators::forArray (9 bytes)
Event: 16.097 Thread 0x000000002c7aa000 nmethod 2499 0x00000000054a2a10 code [0x00000000054a2b80, 0x00000000054a2d08]
Event: 16.100 Thread 0x000000002c7aa000 2500       3       com.google.inject.internal.InternalContext::pushDependency (21 bytes)
Event: 16.100 Thread 0x000000002c7aa000 nmethod 2500 0x00000000054a2590 code [0x00000000054a2700, 0x00000000054a2948]
Event: 16.100 Thread 0x000000002c7aa000 2501       3       com.google.inject.internal.InternalContext::popStateAndSetDependency (13 bytes)
Event: 16.101 Thread 0x000000002c7aa000 nmethod 2501 0x00000000054a1cd0 code [0x00000000054a1e60, 0x00000000054a2370]

GC Heap History (10 events):
Event: 9.245 GC heap before
{Heap before GC invocations=16 (full 2):
 PSYoungGen      total 310272K, used 310272K [0x00000006eab00000, 0x0000000706a00000, 0x00000007c0000000)
  eden space 244736K, 100% used [0x00000006eab00000,0x00000006f9a00000,0x00000006f9a00000)
  from space 65536K, 100% used [0x00000006f9a00000,0x00000006fda00000,0x00000006fda00000)
  to   space 83456K, 0% used [0x0000000701880000,0x0000000701880000,0x0000000706a00000)
 ParOldGen       total 267776K, used 172462K [0x0000000540000000, 0x0000000550580000, 0x00000006eab00000)
  object space 267776K, 64% used [0x0000000540000000,0x000000054a86b968,0x0000000550580000)
 Metaspace       used 9960K, capacity 10100K, committed 10240K, reserved 1058816K
  class space    used 1161K, capacity 1211K, committed 1280K, reserved 1048576K
Event: 9.344 GC heap after
Heap after GC invocations=16 (full 2):
 PSYoungGen      total 356864K, used 83456K [0x00000006eab00000, 0x0000000708f80000, 0x00000007c0000000)
  eden space 273408K, 0% used [0x00000006eab00000,0x00000006eab00000,0x00000006fb600000)
  from space 83456K, 100% used [0x0000000701880000,0x0000000706a00000,0x0000000706a00000)
  to   space 100864K, 0% used [0x00000006fb600000,0x00000006fb600000,0x0000000701880000)
 ParOldGen       total 267776K, used 184222K [0x0000000540000000, 0x0000000550580000, 0x00000006eab00000)
  object space 267776K, 68% used [0x0000000540000000,0x000000054b3e7968,0x0000000550580000)
 Metaspace       used 9960K, capacity 10100K, committed 10240K, reserved 1058816K
  class space    used 1161K, capacity 1211K, committed 1280K, reserved 1048576K
}
Event: 10.868 GC heap before
{Heap before GC invocations=17 (full 2):
 PSYoungGen      total 356864K, used 356864K [0x00000006eab00000, 0x0000000708f80000, 0x00000007c0000000)
  eden space 273408K, 100% used [0x00000006eab00000,0x00000006fb600000,0x00000006fb600000)
  from space 83456K, 100% used [0x0000000701880000,0x0000000706a00000,0x0000000706a00000)
  to   space 100864K, 0% used [0x00000006fb600000,0x00000006fb600000,0x0000000701880000)
 ParOldGen       total 267776K, used 184222K [0x0000000540000000, 0x0000000550580000, 0x00000006eab00000)
  object space 267776K, 68% used [0x0000000540000000,0x000000054b3e7968,0x0000000550580000)
 Metaspace       used 10239K, capacity 10388K, committed 10496K, reserved 1058816K
  class space    used 1177K, capacity 1243K, committed 1280K, reserved 1048576K
Event: 10.963 GC heap after
Heap after GC invocations=17 (full 2):
 PSYoungGen      total 374272K, used 85984K [0x00000006eab00000, 0x000000070c080000, 0x00000007c0000000)
  eden space 273408K, 0% used [0x00000006eab00000,0x00000006eab00000,0x00000006fb600000)
  from space 100864K, 85% used [0x00000006fb600000,0x00000007009f8030,0x0000000701880000)
  to   space 111104K, 0% used [0x0000000705400000,0x0000000705400000,0x000000070c080000)
 ParOldGen       total 267776K, used 209086K [0x0000000540000000, 0x0000000550580000, 0x00000006eab00000)
  object space 267776K, 78% used [0x0000000540000000,0x000000054cc2f968,0x0000000550580000)
 Metaspace       used 10239K, capacity 10388K, committed 10496K, reserved 1058816K
  class space    used 1177K, capacity 1243K, committed 1280K, reserved 1048576K
}
Event: 12.285 GC heap before
{Heap before GC invocations=18 (full 2):
 PSYoungGen      total 374272K, used 359392K [0x00000006eab00000, 0x000000070c080000, 0x00000007c0000000)
  eden space 273408K, 100% used [0x00000006eab00000,0x00000006fb600000,0x00000006fb600000)
  from space 100864K, 85% used [0x00000006fb600000,0x00000007009f8030,0x0000000701880000)
  to   space 111104K, 0% used [0x0000000705400000,0x0000000705400000,0x000000070c080000)
 ParOldGen       total 267776K, used 209086K [0x0000000540000000, 0x0000000550580000, 0x00000006eab00000)
  object space 267776K, 78% used [0x0000000540000000,0x000000054cc2f968,0x0000000550580000)
 Metaspace       used 10263K, capacity 10388K, committed 10496K, reserved 1058816K
  class space    used 1178K, capacity 1243K, committed 1280K, reserved 1048576K
Event: 12.401 GC heap after
Heap after GC invocations=18 (full 2):
 PSYoungGen      total 415744K, used 111088K [0x00000006eab00000, 0x000000070e400000, 0x00000007c0000000)
  eden space 304640K, 0% used [0x00000006eab00000,0x00000006eab00000,0x00000006fd480000)
  from space 111104K, 99% used [0x0000000705400000,0x000000070c07c050,0x000000070c080000)
  to   space 130560K, 0% used [0x00000006fd480000,0x00000006fd480000,0x0000000705400000)
 ParOldGen       total 267776K, used 214446K [0x0000000540000000, 0x0000000550580000, 0x00000006eab00000)
  object space 267776K, 80% used [0x0000000540000000,0x000000054d16b968,0x0000000550580000)
 Metaspace       used 10263K, capacity 10388K, committed 10496K, reserved 1058816K
  class space    used 1178K, capacity 1243K, committed 1280K, reserved 1048576K
}
Event: 14.085 GC heap before
{Heap before GC invocations=19 (full 2):
 PSYoungGen      total 415744K, used 415728K [0x00000006eab00000, 0x000000070e400000, 0x00000007c0000000)
  eden space 304640K, 100% used [0x00000006eab00000,0x00000006fd480000,0x00000006fd480000)
  from space 111104K, 99% used [0x0000000705400000,0x000000070c07c050,0x000000070c080000)
  to   space 130560K, 0% used [0x00000006fd480000,0x00000006fd480000,0x0000000705400000)
 ParOldGen       total 267776K, used 214446K [0x0000000540000000, 0x0000000550580000, 0x00000006eab00000)
  object space 267776K, 80% used [0x0000000540000000,0x000000054d16b968,0x0000000550580000)
 Metaspace       used 14061K, capacity 14214K, committed 14336K, reserved 1062912K
  class space    used 1722K, capacity 1790K, committed 1792K, reserved 1048576K
Event: 14.453 GC heap after
Heap after GC invocations=19 (full 2):
 PSYoungGen      total 435200K, used 80129K [0x00000006eab00000, 0x000000070e400000, 0x00000007c0000000)
  eden space 304640K, 0% used [0x00000006eab00000,0x00000006eab00000,0x00000006fd480000)
  from space 130560K, 61% used [0x00000006fd480000,0x00000007022c0400,0x0000000705400000)
  to   space 111104K, 0% used [0x0000000705400000,0x0000000705400000,0x000000070c080000)
 ParOldGen       total 274432K, used 273294K [0x0000000540000000, 0x0000000550c00000, 0x00000006eab00000)
  object space 274432K, 99% used [0x0000000540000000,0x0000000550ae3968,0x0000000550c00000)
 Metaspace       used 14061K, capacity 14214K, committed 14336K, reserved 1062912K
  class space    used 1722K, capacity 1790K, committed 1792K, reserved 1048576K
}
Event: 14.453 GC heap before
{Heap before GC invocations=20 (full 3):
 PSYoungGen      total 435200K, used 80129K [0x00000006eab00000, 0x000000070e400000, 0x00000007c0000000)
  eden space 304640K, 0% used [0x00000006eab00000,0x00000006eab00000,0x00000006fd480000)
  from space 130560K, 61% used [0x00000006fd480000,0x00000007022c0400,0x0000000705400000)
  to   space 111104K, 0% used [0x0000000705400000,0x0000000705400000,0x000000070c080000)
 ParOldGen       total 274432K, used 273294K [0x0000000540000000, 0x0000000550c00000, 0x00000006eab00000)
  object space 274432K, 99% used [0x0000000540000000,0x0000000550ae3968,0x0000000550c00000)
 Metaspace       used 14061K, capacity 14214K, committed 14336K, reserved 1062912K
  class space    used 1722K, capacity 1790K, committed 1792K, reserved 1048576K
Event: 15.837 GC heap after
Heap after GC invocations=20 (full 3):
 PSYoungGen      total 435200K, used 75050K [0x00000006eab00000, 0x000000070e400000, 0x00000007c0000000)
  eden space 304640K, 0% used [0x00000006eab00000,0x00000006eab00000,0x00000006fd480000)
  from space 130560K, 57% used [0x00000006fd480000,0x0000000701dcaa00,0x0000000705400000)
  to   space 111104K, 0% used [0x0000000705400000,0x0000000705400000,0x000000070c080000)
 ParOldGen       total 274432K, used 274331K [0x0000000540000000, 0x0000000550c00000, 0x00000006eab00000)
  object space 274432K, 99% used [0x0000000540000000,0x0000000550be6e50,0x0000000550c00000)
 Metaspace       used 14061K, capacity 14214K, committed 14336K, reserved 1062912K
  class space    used 1722K, capacity 1790K, committed 1792K, reserved 1048576K
}

Deoptimization events (10 events):
Event: 13.887 Thread 0x0000000004fd4000 Uncommon trap: reason=unstable_if action=reinterpret pc=0x0000000005816e2c method=java.util.regex.Pattern.RemoveQEQuoting()V @ 22
Event: 13.887 Thread 0x0000000004fd4000 Uncommon trap: reason=unstable_if action=reinterpret pc=0x0000000005832510 method=java.util.regex.Pattern.sequence(Ljava/util/regex/Pattern$Node;)Ljava/util/regex/Pattern$Node; @ 512
Event: 13.887 Thread 0x0000000004fd4000 Uncommon trap: reason=unstable_if action=reinterpret pc=0x000000000580b11c method=java.util.regex.Pattern.compile()V @ 249
Event: 13.887 Thread 0x0000000004fd4000 Uncommon trap: reason=class_check action=maybe_recompile pc=0x0000000005777550 method=java.util.regex.Matcher.search(I)Z @ 86
Event: 13.889 Thread 0x0000000004fd4000 Uncommon trap: reason=class_check action=maybe_recompile pc=0x0000000005777550 method=java.util.regex.Matcher.search(I)Z @ 86
Event: 13.929 Thread 0x0000000004fd4000 Uncommon trap: reason=bimorphic action=maybe_recompile pc=0x0000000005846358 method=java.util.HashMap.putVal(ILjava/lang/Object;Ljava/lang/Object;ZZ)Ljava/lang/Object; @ 91
Event: 13.932 Thread 0x0000000004fd4000 Uncommon trap: reason=bimorphic action=maybe_recompile pc=0x00000000058fdce8 method=java.util.AbstractCollection.toArray([Ljava/lang/Object;)[Ljava/lang/Object; @ 51
Event: 14.001 Thread 0x0000000004fd4000 Uncommon trap: reason=bimorphic action=maybe_recompile pc=0x00000000058fdce8 method=java.util.AbstractCollection.toArray([Ljava/lang/Object;)[Ljava/lang/Object; @ 51
Event: 14.051 Thread 0x0000000004fd4000 Uncommon trap: reason=bimorphic action=maybe_recompile pc=0x00000000058fdce8 method=java.util.AbstractCollection.toArray([Ljava/lang/Object;)[Ljava/lang/Object; @ 51
Event: 14.072 Thread 0x0000000004fd4000 Uncommon trap: reason=bimorphic action=maybe_recompile pc=0x00000000058fdce8 method=java.util.AbstractCollection.toArray([Ljava/lang/Object;)[Ljava/lang/Object; @ 51

Internal exceptions (10 events):
Event: 0.715 Thread 0x0000000004fd4000 Exception <a 'java/lang/ClassNotFoundException': org/apache/log4j/AppenderSkeletonCustomizer> (0x00000006eb2b1198) thrown at [C:\re\workspace\8-2-build-windows-amd64-cygwin\jdk8u144\9417\hotspot\src\share\vm\classfile\systemDictionary.cpp, line 210]
Event: 0.718 Thread 0x0000000004fd4000 Exception <a 'java/lang/ClassNotFoundException': org/apache/log4j/WriterAppenderCustomizer> (0x00000006eb2d31b8) thrown at [C:\re\workspace\8-2-build-windows-amd64-cygwin\jdk8u144\9417\hotspot\src\share\vm\classfile\systemDictionary.cpp, line 210]
Event: 0.721 Thread 0x0000000004fd4000 Exception <a 'java/lang/ClassNotFoundException': org/apache/log4j/ConsoleAppenderCustomizer> (0x00000006eb2f12d8) thrown at [C:\re\workspace\8-2-build-windows-amd64-cygwin\jdk8u144\9417\hotspot\src\share\vm\classfile\systemDictionary.cpp, line 210]
Event: 0.941 Thread 0x0000000004fd4000 Exception <a 'java/lang/NoSuchFieldError': method resolution failed> (0x00000006eb999380) thrown at [C:\re\workspace\8-2-build-windows-amd64-cygwin\jdk8u144\9417\hotspot\src\share\vm\prims\methodHandles.cpp, line 1146]
Event: 0.943 Thread 0x0000000004fd4000 Exception <a 'java/lang/NoSuchFieldError': method resolution failed> (0x00000006eb9a6e18) thrown at [C:\re\workspace\8-2-build-windows-amd64-cygwin\jdk8u144\9417\hotspot\src\share\vm\prims\methodHandles.cpp, line 1146]
Event: 1.969 Thread 0x0000000004fd4000 Implicit null exception at 0x000000000550bf1d to 0x000000000550e2bd
Event: 1.974 Thread 0x0000000004fd4000 Implicit null exception at 0x00000000054e8542 to 0x00000000054e8cd5
Event: 9.407 Thread 0x0000000004fd4000 Implicit null exception at 0x000000000572d611 to 0x000000000572e5a1
Event: 11.425 Thread 0x0000000004fd4000 Implicit null exception at 0x00000000056eb5a8 to 0x00000000056ec0a9
Event: 11.426 Thread 0x0000000004fd4000 Implicit null exception at 0x000000000580eead to 0x000000000580f195

Events (10 events):
Event: 15.888 loading class ch/ethz/matsim/av/data/AVVehicle
Event: 15.888 loading class ch/ethz/matsim/av/data/AVVehicle done
Event: 15.888 loading class org/matsim/contrib/dvrp/data/VehicleImpl
Event: 15.888 loading class org/matsim/contrib/dvrp/data/VehicleImpl done
Event: 15.899 loading class ch/ethz/matsim/courses/abmt17_template/AVScoringFunctionFactoryForABMT
Event: 15.900 loading class ch/ethz/matsim/courses/abmt17_template/AVScoringFunctionFactoryForABMT done
Event: 15.919 loading class org/matsim/core/controler/Injector$2
Event: 15.919 loading class org/matsim/core/controler/Injector$2 done
Event: 16.033 Executing VM operation: RevokeBias
Event: 16.034 Executing VM operation: RevokeBias done


Dynamic libraries:
0x00007ff6c5c90000 - 0x00007ff6c5cc7000 	C:\Program Files\Java\jre1.8.0_144\bin\javaw.exe
0x00007ffc52500000 - 0x00007ffc526e0000 	C:\WINDOWS\SYSTEM32\ntdll.dll
0x00007ffc4f9d0000 - 0x00007ffc4fa7e000 	C:\WINDOWS\System32\KERNEL32.DLL
0x00007ffc4f320000 - 0x00007ffc4f586000 	C:\WINDOWS\System32\KERNELBASE.dll
0x00007ffc4fd30000 - 0x00007ffc4fdd1000 	C:\WINDOWS\System32\ADVAPI32.dll
0x00007ffc4fe40000 - 0x00007ffc4fedd000 	C:\WINDOWS\System32\msvcrt.dll
0x00007ffc4fde0000 - 0x00007ffc4fe3b000 	C:\WINDOWS\System32\sechost.dll
0x00007ffc509c0000 - 0x00007ffc50adf000 	C:\WINDOWS\System32\RPCRT4.dll
0x00007ffc51f80000 - 0x00007ffc5210f000 	C:\WINDOWS\System32\USER32.dll
0x00007ffc4f160000 - 0x00007ffc4f180000 	C:\WINDOWS\System32\win32u.dll
0x00007ffc4fa80000 - 0x00007ffc4faa8000 	C:\WINDOWS\System32\GDI32.dll
0x00007ffc4f760000 - 0x00007ffc4f8f3000 	C:\WINDOWS\System32\gdi32full.dll
0x00007ffc4f180000 - 0x00007ffc4f21b000 	C:\WINDOWS\System32\msvcp_win.dll
0x00007ffc4f220000 - 0x00007ffc4f316000 	C:\WINDOWS\System32\ucrtbase.dll
0x00007ffc45c00000 - 0x00007ffc45e69000 	C:\WINDOWS\WinSxS\amd64_microsoft.windows.common-controls_6595b64144ccf1df_6.0.16299.192_none_15c8cdae9364c23b\COMCTL32.dll
0x00007ffc521b0000 - 0x00007ffc524b8000 	C:\WINDOWS\System32\combase.dll
0x00007ffc4f900000 - 0x00007ffc4f972000 	C:\WINDOWS\System32\bcryptPrimitives.dll
0x00007ffc50930000 - 0x00007ffc5095d000 	C:\WINDOWS\System32\IMM32.DLL
0x0000000058b20000 - 0x0000000058bf2000 	C:\Program Files\Java\jre1.8.0_144\bin\msvcr100.dll
0x0000000057fd0000 - 0x000000005886d000 	C:\Program Files\Java\jre1.8.0_144\bin\server\jvm.dll
0x00007ffc50080000 - 0x00007ffc50088000 	C:\WINDOWS\System32\PSAPI.DLL
0x00007ffc46e30000 - 0x00007ffc46e39000 	C:\WINDOWS\SYSTEM32\WSOCK32.dll
0x00007ffc4fb90000 - 0x00007ffc4fbfc000 	C:\WINDOWS\System32\WS2_32.dll
0x00007ffc46040000 - 0x00007ffc46063000 	C:\WINDOWS\SYSTEM32\WINMM.dll
0x00007ffc465d0000 - 0x00007ffc465da000 	C:\WINDOWS\SYSTEM32\VERSION.dll
0x00007ffc45e70000 - 0x00007ffc45e9a000 	C:\WINDOWS\SYSTEM32\WINMMBASE.dll
0x00007ffc4f980000 - 0x00007ffc4f9ca000 	C:\WINDOWS\System32\cfgmgr32.dll
0x0000000058fa0000 - 0x0000000058faf000 	C:\Program Files\Java\jre1.8.0_144\bin\verify.dll
0x0000000058f70000 - 0x0000000058f99000 	C:\Program Files\Java\jre1.8.0_144\bin\java.dll
0x0000000058f50000 - 0x0000000058f66000 	C:\Program Files\Java\jre1.8.0_144\bin\zip.dll
0x00007ffc50b40000 - 0x00007ffc51f76000 	C:\WINDOWS\System32\SHELL32.dll
0x00007ffc4fc80000 - 0x00007ffc4fd26000 	C:\WINDOWS\System32\shcore.dll
0x00007ffc4e900000 - 0x00007ffc4f047000 	C:\WINDOWS\System32\windows.storage.dll
0x00007ffc50500000 - 0x00007ffc50551000 	C:\WINDOWS\System32\shlwapi.dll
0x00007ffc4e8e0000 - 0x00007ffc4e8f1000 	C:\WINDOWS\System32\kernel.appcore.dll
0x00007ffc4e890000 - 0x00007ffc4e8dc000 	C:\WINDOWS\System32\powrprof.dll
0x00007ffc4e850000 - 0x00007ffc4e86b000 	C:\WINDOWS\System32\profapi.dll
0x0000000058ec0000 - 0x0000000058ecd000 	C:\Program Files\Java\jre1.8.0_144\bin\management.dll
0x0000000058f30000 - 0x0000000058f4a000 	C:\Program Files\Java\jre1.8.0_144\bin\net.dll
0x00007ffc4e0e0000 - 0x00007ffc4e146000 	C:\WINDOWS\system32\mswsock.dll
0x0000000058f10000 - 0x0000000058f21000 	C:\Program Files\Java\jre1.8.0_144\bin\nio.dll
0x00007ffc4deb0000 - 0x00007ffc4df66000 	C:\WINDOWS\SYSTEM32\DNSAPI.dll
0x00007ffc4fab0000 - 0x00007ffc4fab8000 	C:\WINDOWS\System32\NSI.dll
0x00007ffc4de70000 - 0x00007ffc4dea9000 	C:\WINDOWS\SYSTEM32\IPHLPAPI.DLL
0x0000000058c00000 - 0x0000000058c35000 	C:\Program Files\Bonjour\mdnsNSP.dll
0x00007ffc480c0000 - 0x00007ffc480ca000 	C:\Windows\System32\rasadhlp.dll
0x00007ffc481a0000 - 0x00007ffc48210000 	C:\WINDOWS\System32\fwpuclnt.dll
0x00007ffc4e3b0000 - 0x00007ffc4e3d5000 	C:\WINDOWS\SYSTEM32\bcrypt.dll

VM Arguments:
jvm_args: -Xmx10G -Dfile.encoding=Cp1252 
java_command: ch.ethz.matsim.courses.abmt17_template.RunScenarioExample
java_class_path (initial): C:\Program Files\Java\jre1.8.0_144\lib\resources.jar;C:\Program Files\Java\jre1.8.0_144\lib\rt.jar;C:\Program Files\Java\jre1.8.0_144\lib\jsse.jar;C:\Program Files\Java\jre1.8.0_144\lib\jce.jar;C:\Program Files\Java\jre1.8.0_144\lib\charsets.jar;C:\Program Files\Java\jre1.8.0_144\lib\jfr.jar;C:\Program Files\Java\jre1.8.0_144\lib\ext\access-bridge-64.jar;C:\Program Files\Java\jre1.8.0_144\lib\ext\cldrdata.jar;C:\Program Files\Java\jre1.8.0_144\lib\ext\dnsns.jar;C:\Program Files\Java\jre1.8.0_144\lib\ext\dns_sd.jar;C:\Program Files\Java\jre1.8.0_144\lib\ext\jaccess.jar;C:\Program Files\Java\jre1.8.0_144\lib\ext\jfxrt.jar;C:\Program Files\Java\jre1.8.0_144\lib\ext\localedata.jar;C:\Program Files\Java\jre1.8.0_144\lib\ext\nashorn.jar;C:\Program Files\Java\jre1.8.0_144\lib\ext\sunec.jar;C:\Program Files\Java\jre1.8.0_144\lib\ext\sunjce_provider.jar;C:\Program Files\Java\jre1.8.0_144\lib\ext\sunmscapi.jar;C:\Program Files\Java\jre1.8.0_144\lib\ext\sunpkcs11.jar;C:\Program Files\Java\jre1.8.0_144\lib\ext\zipfs.jar;C:\Users\ADMIN\git\abmt_project\target\classes;C:\Users\ADMIN\.m2\repository\ch\ethz\matsim\courses\abmt17\0.0.1-abmt17\abmt17-0.0.1-abmt17.jar;C:\Users\ADMIN\.m2\repository\org\matsim\matsim\0.10.0-abmt17\matsim-0.10.0-abmt17.jar;C:\Users\ADMIN\.m2\repository\log4j\log4j\1.2.15\log4j-1.2.15.jar;C:\Users\ADMIN\.m2\repository\org\geotools\gt-main\14.0\gt-main-14.0.jar;C:\Users\ADMIN\.m2\repository\org\geotools\gt-api\14.0\gt-api-14.0.jar;C:\Users\ADMIN\.m2\repository\com\vividsolutions\jts\1.13\jts-1.13.jar;C:\Users\ADMIN\.m2\repository\org\jdom\jdom\1.1.3\jdom-1.1.3.jar;C:\Users\ADMIN\.m2\repository\javax\media\jai_core\1.1.3\jai_core-1.1.3.jar;C:\Users\ADMIN\.m2\repository\org\geotools\gt-referencing\14.0\gt-referencing-14.0.jar;C:\Users\ADMIN\.m2\repository\com\googlecode\efficient-java-matrix-library\core\0.26\core-0.26.jar;C:\Users\ADMIN\.m2\repository\commons-pool\commons-pool\1.5.4\commons-pool-1.5.4.jar;C:\Users\ADMIN\.m2\repo
Launcher Type: SUN_STANDARD

Environment Variables:
PATH=C:/Program Files/Java/jre1.8.0_144/bin/server;C:/Program Files/Java/jre1.8.0_144/bin;C:/Program Files/Java/jre1.8.0_144/lib/amd64;C:\ProgramData\Oracle\Java\javapath;C:\WINDOWS\system32;C:\WINDOWS;C:\WINDOWS\System32\Wbem;C:\WINDOWS\System32\WindowsPowerShell\v1.0\;C:\Program Files (x86)\MiKTeX 2.9\miktex\bin\;C:\Program Files (x86)\LyX 2.2\Perl\bin;C:\Program Files (x86)\Skype\Phone\;C:\Users\ADMIN\AppData\Local\Microsoft\WindowsApps;;C:\WINDOWS\System32;
USERNAME=ADMIN
OS=Windows_NT
PROCESSOR_IDENTIFIER=Intel64 Family 6 Model 58 Stepping 9, GenuineIntel



---------------  S Y S T E M  ---------------

OS: Windows 10.0 , 64 bit Build 16299 (10.0.16299.15)

CPU:total 4 (initial active 4) (2 cores per cpu, 2 threads per core) family 6 model 58 stepping 9, cmov, cx8, fxsr, mmx, sse, sse2, sse3, ssse3, sse4.1, sse4.2, popcnt, avx, aes, clmul, erms, ht, tsc, tscinvbit, tscinv

Memory: 4k page, physical 8078120k(1013048k free), swap 26511524k(4112k free)

vm_info: Java HotSpot(TM) 64-Bit Server VM (25.144-b01) for windows-amd64 JRE (1.8.0_144-b01), built on Jul 21 2017 21:57:33 by "java_re" with MS VC++ 10.0 (VS2010)

time: Thu Jan 11 09:20:12 2018
elapsed time: 16 seconds (0d 0h 0m 16s)

