2017-11-28 13:07:17,037  WARN PrepareForSimImpl:162 Creating one vehicle corresponding to each network mode for every agent and parking it to the departure link. 
If this is undesirable, then write a new PrepareForSim +or, somehow get vehicles generation in your plan strategy.
2017-11-28 13:07:21,147 ERROR BasicPlanAgentImpl:164 last activity of person driver agent id 1000033401 has end time < infty; setting it to infty
2017-11-28 13:07:21,147 ERROR BasicPlanAgentImpl:165  This message given only once.
2017-11-28 13:07:41,948  WARN CharyparNagelActivityScoring:235 There are opening or closing times defined for the first and last activity. The correctness of the scoring function can thus not be guaranteed.
2017-11-28 13:07:41,948  WARN CharyparNagelActivityScoring:236 first activity: [type=home_1][coord=null][linkId=568577][startTime=undefined][endTime=07:45:58][duration=undefined][facilityId=8b52d821655d89646c776898ef7c696087d47ec6]
2017-11-28 13:07:41,948  WARN CharyparNagelActivityScoring:237 last activity: [type=home_1][coord=null][linkId=568577][startTime=15:54:14][endTime=undefined][duration=undefined][facilityId=8b52d821655d89646c776898ef7c696087d47ec6]
2017-11-28 13:07:41,948  WARN CharyparNagelActivityScoring:235 There are opening or closing times defined for the first and last activity. The correctness of the scoring function can thus not be guaranteed.
2017-11-28 13:07:41,948  WARN CharyparNagelActivityScoring:236 first activity: [type=home_1][coord=null][linkId=583723][startTime=undefined][endTime=06:00:13][duration=undefined][facilityId=58b519eb772c1e51f9af43959e8c17eadaaf89b7]
2017-11-28 13:07:41,948  WARN CharyparNagelActivityScoring:237 last activity: [type=home_1][coord=null][linkId=583723][startTime=17:23:44][endTime=undefined][duration=undefined][facilityId=58b519eb772c1e51f9af43959e8c17eadaaf89b7]
2017-11-28 13:07:41,948  WARN CharyparNagelActivityScoring:235 There are opening or closing times defined for the first and last activity. The correctness of the scoring function can thus not be guaranteed.
2017-11-28 13:07:41,948  WARN CharyparNagelActivityScoring:236 first activity: [type=home_1][coord=null][linkId=834147][startTime=undefined][endTime=07:24:54][duration=undefined][facilityId=f6e453bfa69e83e54a8c919ea144145b2933c8b1]
2017-11-28 13:07:41,949  WARN CharyparNagelActivityScoring:237 last activity: [type=home_1][coord=null][linkId=834147][startTime=18:07:06][endTime=undefined][duration=undefined][facilityId=f6e453bfa69e83e54a8c919ea144145b2933c8b1]
2017-11-28 13:07:41,949  WARN CharyparNagelActivityScoring:235 There are opening or closing times defined for the first and last activity. The correctness of the scoring function can thus not be guaranteed.
2017-11-28 13:07:41,949  WARN CharyparNagelActivityScoring:236 first activity: [type=home_1][coord=null][linkId=543422][startTime=undefined][endTime=07:57:58][duration=undefined][facilityId=e9e178944f8acdb76904279ace4e6de884ae1e68]
2017-11-28 13:07:41,949  WARN CharyparNagelActivityScoring:237 last activity: [type=home_1][coord=null][linkId=543422][startTime=11:32:27][endTime=undefined][duration=undefined][facilityId=e9e178944f8acdb76904279ace4e6de884ae1e68]
2017-11-28 13:07:41,949  WARN CharyparNagelActivityScoring:235 There are opening or closing times defined for the first and last activity. The correctness of the scoring function can thus not be guaranteed.
2017-11-28 13:07:41,949  WARN CharyparNagelActivityScoring:236 first activity: [type=home_1][coord=null][linkId=819102][startTime=undefined][endTime=06:49:10][duration=undefined][facilityId=6aa5aed4c7731caa480a7bf2cac3d66ce7f71b24]
2017-11-28 13:07:41,949  WARN CharyparNagelActivityScoring:237 last activity: [type=home_1][coord=null][linkId=819102][startTime=16:51:57][endTime=undefined][duration=undefined][facilityId=6aa5aed4c7731caa480a7bf2cac3d66ce7f71b24]
2017-11-28 13:07:41,949  WARN CharyparNagelActivityScoring:235 There are opening or closing times defined for the first and last activity. The correctness of the scoring function can thus not be guaranteed.
2017-11-28 13:07:41,949  WARN CharyparNagelActivityScoring:236 first activity: [type=home_1][coord=null][linkId=818767][startTime=undefined][endTime=15:57:20][duration=undefined][facilityId=9c3bd14f67f0315f5e873eb7086dc815516a499d]
2017-11-28 13:07:41,949  WARN CharyparNagelActivityScoring:237 last activity: [type=home_1][coord=null][linkId=818767][startTime=16:26:14][endTime=undefined][duration=undefined][facilityId=9c3bd14f67f0315f5e873eb7086dc815516a499d]
2017-11-28 13:07:41,949  WARN CharyparNagelActivityScoring:235 There are opening or closing times defined for the first and last activity. The correctness of the scoring function can thus not be guaranteed.
2017-11-28 13:07:41,950  WARN CharyparNagelActivityScoring:236 first activity: [type=home_1][coord=null][linkId=668299][startTime=undefined][endTime=07:40:38][duration=undefined][facilityId=c474f3f6abc10d8540b058ace68322ef9dba79c9]
2017-11-28 13:07:41,950  WARN CharyparNagelActivityScoring:237 last activity: [type=home_1][coord=null][linkId=668299][startTime=18:55:31][endTime=undefined][duration=undefined][facilityId=c474f3f6abc10d8540b058ace68322ef9dba79c9]
2017-11-28 13:07:41,950  WARN CharyparNagelActivityScoring:235 There are opening or closing times defined for the first and last activity. The correctness of the scoring function can thus not be guaranteed.
2017-11-28 13:07:41,950  WARN CharyparNagelActivityScoring:236 first activity: [type=home_1][coord=null][linkId=229863][startTime=undefined][endTime=06:46:05][duration=undefined][facilityId=0482fb9c918385cd7c8506e1512af875a471f738]
2017-11-28 13:07:41,950  WARN CharyparNagelActivityScoring:237 last activity: [type=home_1][coord=null][linkId=229863][startTime=17:05:23][endTime=undefined][duration=undefined][facilityId=0482fb9c918385cd7c8506e1512af875a471f738]
2017-11-28 13:07:41,950  WARN CharyparNagelActivityScoring:235 There are opening or closing times defined for the first and last activity. The correctness of the scoring function can thus not be guaranteed.
2017-11-28 13:07:41,950  WARN CharyparNagelActivityScoring:236 first activity: [type=home_1][coord=null][linkId=716000][startTime=undefined][endTime=07:53:50][duration=undefined][facilityId=93d8753b7e8871c11c4260018d91c14d47b831d7]
2017-11-28 13:07:41,950  WARN CharyparNagelActivityScoring:237 last activity: [type=home_1][coord=null][linkId=716000][startTime=13:46:40][endTime=undefined][duration=undefined][facilityId=93d8753b7e8871c11c4260018d91c14d47b831d7]
2017-11-28 13:07:41,950  WARN CharyparNagelActivityScoring:235 There are opening or closing times defined for the first and last activity. The correctness of the scoring function can thus not be guaranteed.
2017-11-28 13:07:41,950  WARN CharyparNagelActivityScoring:236 first activity: [type=home_1][coord=null][linkId=640876][startTime=undefined][endTime=11:08:57][duration=undefined][facilityId=7e90b8401bb31d766bdbeb71ab14e76334e6185d]
2017-11-28 13:07:41,950  WARN CharyparNagelActivityScoring:237 last activity: [type=home_1][coord=null][linkId=640876][startTime=13:14:32][endTime=undefined][duration=undefined][facilityId=7e90b8401bb31d766bdbeb71ab14e76334e6185d]
2017-11-28 13:07:41,951  WARN CharyparNagelActivityScoring:235 There are opening or closing times defined for the first and last activity. The correctness of the scoring function can thus not be guaranteed.
2017-11-28 13:07:41,951  WARN CharyparNagelActivityScoring:236 first activity: [type=home_1][coord=null][linkId=578816][startTime=undefined][endTime=06:12:01][duration=undefined][facilityId=df0443382b53194e3b3f31aa9615fe71d3722aee]
2017-11-28 13:07:41,951  WARN CharyparNagelActivityScoring:237 last activity: [type=home_1][coord=null][linkId=578816][startTime=19:13:41][endTime=undefined][duration=undefined][facilityId=df0443382b53194e3b3f31aa9615fe71d3722aee]
2017-11-28 13:07:41,951  WARN CharyparNagelActivityScoring:239 Additional warnings of this type are suppressed.
2017-11-28 13:07:43,464  WARN ExpBetaPlanChanger:86 Would make sense to revise this once more.  See comments in code.  kai, nov08
2017-11-28 13:08:14,886  WARN CharyparNagelActivityScoring:235 There are opening or closing times defined for the first and last activity. The correctness of the scoring function can thus not be guaranteed.
2017-11-28 13:08:14,886  WARN CharyparNagelActivityScoring:236 first activity: [type=home_1][coord=null][linkId=568577][startTime=undefined][endTime=07:45:58][duration=undefined][facilityId=8b52d821655d89646c776898ef7c696087d47ec6]
2017-11-28 13:08:14,886  WARN CharyparNagelActivityScoring:237 last activity: [type=home_1][coord=null][linkId=568577][startTime=15:54:14][endTime=undefined][duration=undefined][facilityId=8b52d821655d89646c776898ef7c696087d47ec6]
2017-11-28 13:08:14,886  WARN CharyparNagelActivityScoring:235 There are opening or closing times defined for the first and last activity. The correctness of the scoring function can thus not be guaranteed.
2017-11-28 13:08:14,886  WARN CharyparNagelActivityScoring:236 first activity: [type=home_1][coord=null][linkId=583723][startTime=undefined][endTime=06:00:13][duration=undefined][facilityId=58b519eb772c1e51f9af43959e8c17eadaaf89b7]
2017-11-28 13:08:14,886  WARN CharyparNagelActivityScoring:237 last activity: [type=home_1][coord=null][linkId=583723][startTime=17:23:44][endTime=undefined][duration=undefined][facilityId=58b519eb772c1e51f9af43959e8c17eadaaf89b7]
2017-11-28 13:08:14,886  WARN CharyparNagelActivityScoring:235 There are opening or closing times defined for the first and last activity. The correctness of the scoring function can thus not be guaranteed.
2017-11-28 13:08:14,886  WARN CharyparNagelActivityScoring:236 first activity: [type=home_1][coord=null][linkId=834147][startTime=undefined][endTime=07:24:54][duration=undefined][facilityId=f6e453bfa69e83e54a8c919ea144145b2933c8b1]
2017-11-28 13:08:14,886  WARN CharyparNagelActivityScoring:237 last activity: [type=home_1][coord=null][linkId=834147][startTime=18:02:33][endTime=undefined][duration=undefined][facilityId=f6e453bfa69e83e54a8c919ea144145b2933c8b1]
2017-11-28 13:08:14,887  WARN CharyparNagelActivityScoring:235 There are opening or closing times defined for the first and last activity. The correctness of the scoring function can thus not be guaranteed.
2017-11-28 13:08:14,887  WARN CharyparNagelActivityScoring:236 first activity: [type=home_1][coord=null][linkId=543422][startTime=undefined][endTime=07:57:58][duration=undefined][facilityId=e9e178944f8acdb76904279ace4e6de884ae1e68]
2017-11-28 13:08:14,887  WARN CharyparNagelActivityScoring:237 last activity: [type=home_1][coord=null][linkId=543422][startTime=11:53:31][endTime=undefined][duration=undefined][facilityId=e9e178944f8acdb76904279ace4e6de884ae1e68]
2017-11-28 13:08:14,887  WARN CharyparNagelActivityScoring:235 There are opening or closing times defined for the first and last activity. The correctness of the scoring function can thus not be guaranteed.
2017-11-28 13:08:14,887  WARN CharyparNagelActivityScoring:236 first activity: [type=home_1][coord=null][linkId=819102][startTime=undefined][endTime=06:49:10][duration=undefined][facilityId=6aa5aed4c7731caa480a7bf2cac3d66ce7f71b24]
2017-11-28 13:08:14,887  WARN CharyparNagelActivityScoring:237 last activity: [type=home_1][coord=null][linkId=819102][startTime=16:51:57][endTime=undefined][duration=undefined][facilityId=6aa5aed4c7731caa480a7bf2cac3d66ce7f71b24]
2017-11-28 13:08:14,887  WARN CharyparNagelActivityScoring:235 There are opening or closing times defined for the first and last activity. The correctness of the scoring function can thus not be guaranteed.
2017-11-28 13:08:14,887  WARN CharyparNagelActivityScoring:236 first activity: [type=home_1][coord=null][linkId=818767][startTime=undefined][endTime=15:57:20][duration=undefined][facilityId=9c3bd14f67f0315f5e873eb7086dc815516a499d]
2017-11-28 13:08:14,887  WARN CharyparNagelActivityScoring:237 last activity: [type=home_1][coord=null][linkId=818767][startTime=16:26:14][endTime=undefined][duration=undefined][facilityId=9c3bd14f67f0315f5e873eb7086dc815516a499d]
2017-11-28 13:08:14,887  WARN CharyparNagelActivityScoring:235 There are opening or closing times defined for the first and last activity. The correctness of the scoring function can thus not be guaranteed.
2017-11-28 13:08:14,887  WARN CharyparNagelActivityScoring:236 first activity: [type=home_1][coord=null][linkId=668299][startTime=undefined][endTime=07:40:38][duration=undefined][facilityId=c474f3f6abc10d8540b058ace68322ef9dba79c9]
2017-11-28 13:08:14,888  WARN CharyparNagelActivityScoring:237 last activity: [type=home_1][coord=null][linkId=668299][startTime=18:53:36][endTime=undefined][duration=undefined][facilityId=c474f3f6abc10d8540b058ace68322ef9dba79c9]
2017-11-28 13:08:14,888  WARN CharyparNagelActivityScoring:235 There are opening or closing times defined for the first and last activity. The correctness of the scoring function can thus not be guaranteed.
2017-11-28 13:08:14,888  WARN CharyparNagelActivityScoring:236 first activity: [type=home_1][coord=null][linkId=229863][startTime=undefined][endTime=06:46:05][duration=undefined][facilityId=0482fb9c918385cd7c8506e1512af875a471f738]
2017-11-28 13:08:14,888  WARN CharyparNagelActivityScoring:237 last activity: [type=home_1][coord=null][linkId=229863][startTime=17:05:23][endTime=undefined][duration=undefined][facilityId=0482fb9c918385cd7c8506e1512af875a471f738]
2017-11-28 13:08:14,888  WARN CharyparNagelActivityScoring:235 There are opening or closing times defined for the first and last activity. The correctness of the scoring function can thus not be guaranteed.
2017-11-28 13:08:14,888  WARN CharyparNagelActivityScoring:236 first activity: [type=home_1][coord=null][linkId=716000][startTime=undefined][endTime=07:53:50][duration=undefined][facilityId=93d8753b7e8871c11c4260018d91c14d47b831d7]
2017-11-28 13:08:14,888  WARN CharyparNagelActivityScoring:237 last activity: [type=home_1][coord=null][linkId=716000][startTime=13:46:40][endTime=undefined][duration=undefined][facilityId=93d8753b7e8871c11c4260018d91c14d47b831d7]
2017-11-28 13:08:14,888  WARN CharyparNagelActivityScoring:235 There are opening or closing times defined for the first and last activity. The correctness of the scoring function can thus not be guaranteed.
2017-11-28 13:08:14,888  WARN CharyparNagelActivityScoring:236 first activity: [type=home_1][coord=null][linkId=640876][startTime=undefined][endTime=11:08:57][duration=undefined][facilityId=7e90b8401bb31d766bdbeb71ab14e76334e6185d]
2017-11-28 13:08:14,888  WARN CharyparNagelActivityScoring:237 last activity: [type=home_1][coord=null][linkId=640876][startTime=13:14:32][endTime=undefined][duration=undefined][facilityId=7e90b8401bb31d766bdbeb71ab14e76334e6185d]
2017-11-28 13:08:14,888  WARN CharyparNagelActivityScoring:235 There are opening or closing times defined for the first and last activity. The correctness of the scoring function can thus not be guaranteed.
2017-11-28 13:08:14,889  WARN CharyparNagelActivityScoring:236 first activity: [type=home_1][coord=null][linkId=578816][startTime=undefined][endTime=06:12:01][duration=undefined][facilityId=df0443382b53194e3b3f31aa9615fe71d3722aee]
2017-11-28 13:08:14,889  WARN CharyparNagelActivityScoring:237 last activity: [type=home_1][coord=null][linkId=578816][startTime=19:05:38][endTime=undefined][duration=undefined][facilityId=df0443382b53194e3b3f31aa9615fe71d3722aee]
2017-11-28 13:08:14,889  WARN CharyparNagelActivityScoring:239 Additional warnings of this type are suppressed.
2017-11-28 13:08:44,161  WARN CharyparNagelActivityScoring:235 There are opening or closing times defined for the first and last activity. The correctness of the scoring function can thus not be guaranteed.
2017-11-28 13:08:44,161  WARN CharyparNagelActivityScoring:236 first activity: [type=home_1][coord=null][linkId=568577][startTime=undefined][endTime=07:45:58][duration=undefined][facilityId=8b52d821655d89646c776898ef7c696087d47ec6]
2017-11-28 13:08:44,161  WARN CharyparNagelActivityScoring:237 last activity: [type=home_1][coord=null][linkId=568577][startTime=15:54:14][endTime=undefined][duration=undefined][facilityId=8b52d821655d89646c776898ef7c696087d47ec6]
2017-11-28 13:08:44,161  WARN CharyparNagelActivityScoring:235 There are opening or closing times defined for the first and last activity. The correctness of the scoring function can thus not be guaranteed.
2017-11-28 13:08:44,161  WARN CharyparNagelActivityScoring:236 first activity: [type=home_1][coord=null][linkId=583723][startTime=undefined][endTime=06:00:13][duration=undefined][facilityId=58b519eb772c1e51f9af43959e8c17eadaaf89b7]
2017-11-28 13:08:44,161  WARN CharyparNagelActivityScoring:237 last activity: [type=home_1][coord=null][linkId=583723][startTime=17:23:44][endTime=undefined][duration=undefined][facilityId=58b519eb772c1e51f9af43959e8c17eadaaf89b7]
2017-11-28 13:08:44,161  WARN CharyparNagelActivityScoring:235 There are opening or closing times defined for the first and last activity. The correctness of the scoring function can thus not be guaranteed.
2017-11-28 13:08:44,161  WARN CharyparNagelActivityScoring:236 first activity: [type=home_1][coord=null][linkId=818767][startTime=undefined][endTime=15:57:20][duration=undefined][facilityId=9c3bd14f67f0315f5e873eb7086dc815516a499d]
2017-11-28 13:08:44,161  WARN CharyparNagelActivityScoring:237 last activity: [type=home_1][coord=null][linkId=818767][startTime=16:24:29][endTime=undefined][duration=undefined][facilityId=9c3bd14f67f0315f5e873eb7086dc815516a499d]
2017-11-28 13:08:44,161  WARN CharyparNagelActivityScoring:235 There are opening or closing times defined for the first and last activity. The correctness of the scoring function can thus not be guaranteed.
2017-11-28 13:08:44,161  WARN CharyparNagelActivityScoring:236 first activity: [type=home_1][coord=null][linkId=229863][startTime=undefined][endTime=06:46:05][duration=undefined][facilityId=0482fb9c918385cd7c8506e1512af875a471f738]
2017-11-28 13:08:44,161  WARN CharyparNagelActivityScoring:237 last activity: [type=home_1][coord=null][linkId=229863][startTime=17:05:23][endTime=undefined][duration=undefined][facilityId=0482fb9c918385cd7c8506e1512af875a471f738]
2017-11-28 13:08:44,161  WARN CharyparNagelActivityScoring:235 There are opening or closing times defined for the first and last activity. The correctness of the scoring function can thus not be guaranteed.
2017-11-28 13:08:44,161  WARN CharyparNagelActivityScoring:236 first activity: [type=home_1][coord=null][linkId=578816][startTime=undefined][endTime=06:12:01][duration=undefined][facilityId=df0443382b53194e3b3f31aa9615fe71d3722aee]
2017-11-28 13:08:44,161  WARN CharyparNagelActivityScoring:237 last activity: [type=home_1][coord=null][linkId=578816][startTime=19:32:04][endTime=undefined][duration=undefined][facilityId=df0443382b53194e3b3f31aa9615fe71d3722aee]
2017-11-28 13:08:44,161  WARN CharyparNagelActivityScoring:235 There are opening or closing times defined for the first and last activity. The correctness of the scoring function can thus not be guaranteed.
2017-11-28 13:08:44,161  WARN CharyparNagelActivityScoring:236 first activity: [type=home_1][coord=null][linkId=658387][startTime=undefined][endTime=14:22:50][duration=undefined][facilityId=10756be36918958c944c427b0a1c157c60459964]
2017-11-28 13:08:44,162  WARN CharyparNagelActivityScoring:237 last activity: [type=home_1][coord=null][linkId=658387][startTime=15:13:58][endTime=undefined][duration=undefined][facilityId=10756be36918958c944c427b0a1c157c60459964]
2017-11-28 13:08:44,162  WARN CharyparNagelActivityScoring:235 There are opening or closing times defined for the first and last activity. The correctness of the scoring function can thus not be guaranteed.
2017-11-28 13:08:44,162  WARN CharyparNagelActivityScoring:236 first activity: [type=home_1][coord=null][linkId=648822][startTime=undefined][endTime=14:55:31][duration=undefined][facilityId=e951fbdd1431b5c501feed022dc808cd70ab7ae1]
2017-11-28 13:08:44,162  WARN CharyparNagelActivityScoring:237 last activity: [type=home_1][coord=null][linkId=648822][startTime=17:33:59][endTime=undefined][duration=undefined][facilityId=e951fbdd1431b5c501feed022dc808cd70ab7ae1]
2017-11-28 13:08:44,162  WARN CharyparNagelActivityScoring:235 There are opening or closing times defined for the first and last activity. The correctness of the scoring function can thus not be guaranteed.
2017-11-28 13:08:44,162  WARN CharyparNagelActivityScoring:236 first activity: [type=home_1][coord=null][linkId=456747][startTime=undefined][endTime=06:44:09][duration=undefined][facilityId=4138e0eb9d1b2b146bdff506ee9a39635b19f36c]
2017-11-28 13:08:44,162  WARN CharyparNagelActivityScoring:237 last activity: [type=home_1][coord=null][linkId=456747][startTime=22:21:42][endTime=undefined][duration=undefined][facilityId=4138e0eb9d1b2b146bdff506ee9a39635b19f36c]
2017-11-28 13:08:44,162  WARN CharyparNagelActivityScoring:235 There are opening or closing times defined for the first and last activity. The correctness of the scoring function can thus not be guaranteed.
2017-11-28 13:08:44,162  WARN CharyparNagelActivityScoring:236 first activity: [type=home_1][coord=null][linkId=718518][startTime=undefined][endTime=07:24:32][duration=undefined][facilityId=8a7a5e1bfb42ca883ea69ba46836fd3151193e69]
2017-11-28 13:08:44,162  WARN CharyparNagelActivityScoring:237 last activity: [type=home_1][coord=null][linkId=718518][startTime=17:41:57][endTime=undefined][duration=undefined][facilityId=8a7a5e1bfb42ca883ea69ba46836fd3151193e69]
2017-11-28 13:08:44,162  WARN CharyparNagelActivityScoring:235 There are opening or closing times defined for the first and last activity. The correctness of the scoring function can thus not be guaranteed.
2017-11-28 13:08:44,162  WARN CharyparNagelActivityScoring:236 first activity: [type=home_1][coord=null][linkId=165036][startTime=undefined][endTime=05:29:59][duration=undefined][facilityId=a905f87a0768b771fade2507f0ad550549effb7c]
2017-11-28 13:08:44,162  WARN CharyparNagelActivityScoring:237 last activity: [type=home_1][coord=null][linkId=165036][startTime=15:44:29][endTime=undefined][duration=undefined][facilityId=a905f87a0768b771fade2507f0ad550549effb7c]
2017-11-28 13:08:44,162  WARN CharyparNagelActivityScoring:235 There are opening or closing times defined for the first and last activity. The correctness of the scoring function can thus not be guaranteed.
2017-11-28 13:08:44,162  WARN CharyparNagelActivityScoring:236 first activity: [type=home_1][coord=null][linkId=430835][startTime=undefined][endTime=09:13:17][duration=undefined][facilityId=fd8f08608dad21230ddaab2ea9aa6fc5ca53fa1e]
2017-11-28 13:08:44,162  WARN CharyparNagelActivityScoring:237 last activity: [type=home_1][coord=null][linkId=430835][startTime=17:57:45][endTime=undefined][duration=undefined][facilityId=fd8f08608dad21230ddaab2ea9aa6fc5ca53fa1e]
2017-11-28 13:08:44,162  WARN CharyparNagelActivityScoring:239 Additional warnings of this type are suppressed.
